<?xml version="1.0" encoding="UTF-8"?>
<!-- Generated by org.testng.reporters.JUnitReportReporter -->
<testsuite skipped="0" hostname="SmiLaptop" name="com.project.testcase.ApparelSearch" tests="4" failures="0" timestamp="06 May 2020 09:47:18 GMT" time="29.160" errors="0">
  <testcase name="signIn" time="8.853" classname="com.project.testcase.ApparelSearch"/>
  <testcase name="searchApparel" time="8.193" classname="com.project.testcase.ApparelSearch"/>
  <testcase name="searchApparel" time="7.942" classname="com.project.testcase.ApparelSearch"/>
  <testcase name="SignOut" time="4.172" classname="com.project.testcase.ApparelSearch"/>
</testsuite> <!-- com.project.testcase.ApparelSearch -->
